{"/Users/kristinehuang/Desktop/classes/penn/CIS 5500/cis4500/server/routes.js": {"path":"/Users/kristinehuang/Desktop/classes/penn/CIS 5500/cis4500/server/routes.js","statementMap":{"0":{"start":{"line":1,"column":24},"end":{"line":1,"column":37}},"1":{"start":{"line":2,"column":15},"end":{"line":2,"column":39}},"2":{"start":{"line":4,"column":0},"end":{"line":4,"column":50}},"3":{"start":{"line":4,"column":31},"end":{"line":4,"column":48}},"4":{"start":{"line":6,"column":19},"end":{"line":15,"column":2}},"5":{"start":{"line":17,"column":18},"end":{"line":19,"column":1}},"6":{"start":{"line":18,"column":2},"end":{"line":18,"column":20}},"7":{"start":{"line":22,"column":18},"end":{"line":40,"column":1}},"8":{"start":{"line":23,"column":15},"end":{"line":23,"column":33}},"9":{"start":{"line":24,"column":16},"end":{"line":24,"column":35}},"10":{"start":{"line":25,"column":2},"end":{"line":39,"column":4}},"11":{"start":{"line":30,"column":6},"end":{"line":33,"column":7}},"12":{"start":{"line":31,"column":8},"end":{"line":31,"column":27}},"13":{"start":{"line":32,"column":8},"end":{"line":32,"column":65}},"14":{"start":{"line":34,"column":6},"end":{"line":36,"column":7}},"15":{"start":{"line":35,"column":8},"end":{"line":35,"column":28}},"16":{"start":{"line":37,"column":6},"end":{"line":37,"column":29}},"17":{"start":{"line":43,"column":22},"end":{"line":61,"column":1}},"18":{"start":{"line":44,"column":21},"end":{"line":44,"column":41}},"19":{"start":{"line":45,"column":2},"end":{"line":60,"column":4}},"20":{"start":{"line":51,"column":6},"end":{"line":54,"column":7}},"21":{"start":{"line":52,"column":8},"end":{"line":52,"column":27}},"22":{"start":{"line":53,"column":8},"end":{"line":53,"column":65}},"23":{"start":{"line":55,"column":6},"end":{"line":57,"column":7}},"24":{"start":{"line":56,"column":8},"end":{"line":56,"column":28}},"25":{"start":{"line":58,"column":6},"end":{"line":58,"column":29}},"26":{"start":{"line":64,"column":26},"end":{"line":88,"column":1}},"27":{"start":{"line":65,"column":13},"end":{"line":65,"column":43}},"28":{"start":{"line":66,"column":20},"end":{"line":66,"column":45}},"29":{"start":{"line":67,"column":20},"end":{"line":67,"column":45}},"30":{"start":{"line":68,"column":20},"end":{"line":68,"column":45}},"31":{"start":{"line":71,"column":2},"end":{"line":87,"column":5}},"32":{"start":{"line":81,"column":4},"end":{"line":86,"column":5}},"33":{"start":{"line":82,"column":8},"end":{"line":82,"column":25}},"34":{"start":{"line":83,"column":8},"end":{"line":83,"column":21}},"35":{"start":{"line":85,"column":6},"end":{"line":85,"column":26}},"36":{"start":{"line":91,"column":15},"end":{"line":192,"column":1}},"37":{"start":{"line":92,"column":17},"end":{"line":92,"column":46}},"38":{"start":{"line":93,"column":20},"end":{"line":93,"column":39}},"39":{"start":{"line":94,"column":21},"end":{"line":94,"column":41}},"40":{"start":{"line":95,"column":18},"end":{"line":95,"column":35}},"41":{"start":{"line":96,"column":19},"end":{"line":96,"column":37}},"42":{"start":{"line":98,"column":2},"end":{"line":191,"column":3}},"43":{"start":{"line":99,"column":4},"end":{"line":109,"column":8}},"44":{"start":{"line":103,"column":7},"end":{"line":108,"column":8}},"45":{"start":{"line":104,"column":11},"end":{"line":104,"column":28}},"46":{"start":{"line":105,"column":11},"end":{"line":105,"column":24}},"47":{"start":{"line":107,"column":9},"end":{"line":107,"column":29}},"48":{"start":{"line":110,"column":9},"end":{"line":191,"column":3}},"49":{"start":{"line":111,"column":4},"end":{"line":133,"column":10}},"50":{"start":{"line":127,"column":9},"end":{"line":132,"column":10}},"51":{"start":{"line":128,"column":13},"end":{"line":128,"column":30}},"52":{"start":{"line":129,"column":13},"end":{"line":129,"column":26}},"53":{"start":{"line":131,"column":11},"end":{"line":131,"column":31}},"54":{"start":{"line":134,"column":9},"end":{"line":191,"column":3}},"55":{"start":{"line":135,"column":4},"end":{"line":159,"column":10}},"56":{"start":{"line":153,"column":9},"end":{"line":158,"column":10}},"57":{"start":{"line":154,"column":13},"end":{"line":154,"column":30}},"58":{"start":{"line":155,"column":13},"end":{"line":155,"column":26}},"59":{"start":{"line":157,"column":11},"end":{"line":157,"column":31}},"60":{"start":{"line":160,"column":9},"end":{"line":191,"column":3}},"61":{"start":{"line":161,"column":4},"end":{"line":188,"column":10}},"62":{"start":{"line":181,"column":9},"end":{"line":187,"column":10}},"63":{"start":{"line":182,"column":13},"end":{"line":182,"column":30}},"64":{"start":{"line":183,"column":13},"end":{"line":183,"column":26}},"65":{"start":{"line":185,"column":12},"end":{"line":185,"column":35}},"66":{"start":{"line":186,"column":11},"end":{"line":186,"column":31}},"67":{"start":{"line":190,"column":4},"end":{"line":190,"column":74}},"68":{"start":{"line":195,"column":22},"end":{"line":218,"column":1}},"69":{"start":{"line":196,"column":17},"end":{"line":196,"column":47}},"70":{"start":{"line":197,"column":20},"end":{"line":197,"column":45}},"71":{"start":{"line":198,"column":20},"end":{"line":198,"column":45}},"72":{"start":{"line":199,"column":20},"end":{"line":199,"column":45}},"73":{"start":{"line":201,"column":2},"end":{"line":217,"column":4}},"74":{"start":{"line":207,"column":6},"end":{"line":210,"column":7}},"75":{"start":{"line":208,"column":8},"end":{"line":208,"column":27}},"76":{"start":{"line":209,"column":8},"end":{"line":209,"column":65}},"77":{"start":{"line":211,"column":6},"end":{"line":213,"column":7}},"78":{"start":{"line":212,"column":8},"end":{"line":212,"column":28}},"79":{"start":{"line":214,"column":19},"end":{"line":214,"column":56}},"80":{"start":{"line":214,"column":40},"end":{"line":214,"column":55}},"81":{"start":{"line":215,"column":6},"end":{"line":215,"column":21}},"82":{"start":{"line":221,"column":25},"end":{"line":241,"column":1}},"83":{"start":{"line":222,"column":17},"end":{"line":222,"column":47}},"84":{"start":{"line":223,"column":2},"end":{"line":240,"column":4}},"85":{"start":{"line":234,"column":6},"end":{"line":237,"column":7}},"86":{"start":{"line":235,"column":8},"end":{"line":235,"column":27}},"87":{"start":{"line":236,"column":8},"end":{"line":236,"column":65}},"88":{"start":{"line":238,"column":6},"end":{"line":238,"column":26}},"89":{"start":{"line":244,"column":17},"end":{"line":271,"column":1}},"90":{"start":{"line":245,"column":13},"end":{"line":245,"column":43}},"91":{"start":{"line":246,"column":2},"end":{"line":270,"column":4}},"92":{"start":{"line":260,"column":6},"end":{"line":263,"column":7}},"93":{"start":{"line":261,"column":8},"end":{"line":261,"column":27}},"94":{"start":{"line":262,"column":8},"end":{"line":262,"column":65}},"95":{"start":{"line":264,"column":6},"end":{"line":266,"column":7}},"96":{"start":{"line":265,"column":8},"end":{"line":265,"column":28}},"97":{"start":{"line":267,"column":19},"end":{"line":267,"column":54}},"98":{"start":{"line":267,"column":40},"end":{"line":267,"column":53}},"99":{"start":{"line":268,"column":6},"end":{"line":268,"column":21}},"100":{"start":{"line":274,"column":28},"end":{"line":295,"column":1}},"101":{"start":{"line":275,"column":2},"end":{"line":294,"column":4}},"102":{"start":{"line":285,"column":6},"end":{"line":288,"column":7}},"103":{"start":{"line":286,"column":8},"end":{"line":286,"column":27}},"104":{"start":{"line":287,"column":8},"end":{"line":287,"column":65}},"105":{"start":{"line":289,"column":6},"end":{"line":291,"column":7}},"106":{"start":{"line":290,"column":8},"end":{"line":290,"column":28}},"107":{"start":{"line":292,"column":6},"end":{"line":292,"column":26}},"108":{"start":{"line":298,"column":38},"end":{"line":329,"column":1}},"109":{"start":{"line":299,"column":18},"end":{"line":299,"column":35}},"110":{"start":{"line":300,"column":2},"end":{"line":302,"column":3}},"111":{"start":{"line":301,"column":4},"end":{"line":301,"column":75}},"112":{"start":{"line":304,"column":23},"end":{"line":304,"column":85}},"113":{"start":{"line":304,"column":52},"end":{"line":304,"column":68}},"114":{"start":{"line":305,"column":2},"end":{"line":307,"column":3}},"115":{"start":{"line":306,"column":4},"end":{"line":306,"column":24}},"116":{"start":{"line":309,"column":2},"end":{"line":328,"column":4}},"117":{"start":{"line":322,"column":6},"end":{"line":325,"column":7}},"118":{"start":{"line":323,"column":8},"end":{"line":323,"column":27}},"119":{"start":{"line":324,"column":8},"end":{"line":324,"column":65}},"120":{"start":{"line":326,"column":6},"end":{"line":326,"column":51}},"121":{"start":{"line":326,"column":36},"end":{"line":326,"column":48}},"122":{"start":{"line":332,"column":25},"end":{"line":391,"column":1}},"123":{"start":{"line":333,"column":17},"end":{"line":333,"column":33}},"124":{"start":{"line":376,"column":2},"end":{"line":390,"column":4}},"125":{"start":{"line":384,"column":6},"end":{"line":387,"column":7}},"126":{"start":{"line":385,"column":8},"end":{"line":385,"column":27}},"127":{"start":{"line":386,"column":8},"end":{"line":386,"column":65}},"128":{"start":{"line":388,"column":6},"end":{"line":388,"column":29}},"129":{"start":{"line":394,"column":26},"end":{"line":421,"column":1}},"130":{"start":{"line":395,"column":17},"end":{"line":395,"column":46}},"131":{"start":{"line":396,"column":2},"end":{"line":399,"column":3}},"132":{"start":{"line":397,"column":4},"end":{"line":397,"column":74}},"133":{"start":{"line":402,"column":2},"end":{"line":420,"column":4}},"134":{"start":{"line":414,"column":6},"end":{"line":417,"column":7}},"135":{"start":{"line":415,"column":8},"end":{"line":415,"column":27}},"136":{"start":{"line":416,"column":8},"end":{"line":416,"column":65}},"137":{"start":{"line":418,"column":6},"end":{"line":418,"column":26}},"138":{"start":{"line":426,"column":32},"end":{"line":445,"column":1}},"139":{"start":{"line":427,"column":17},"end":{"line":427,"column":46}},"140":{"start":{"line":428,"column":2},"end":{"line":431,"column":3}},"141":{"start":{"line":429,"column":4},"end":{"line":429,"column":74}},"142":{"start":{"line":432,"column":2},"end":{"line":444,"column":4}},"143":{"start":{"line":438,"column":6},"end":{"line":441,"column":7}},"144":{"start":{"line":439,"column":8},"end":{"line":439,"column":27}},"145":{"start":{"line":440,"column":8},"end":{"line":440,"column":65}},"146":{"start":{"line":442,"column":6},"end":{"line":442,"column":26}},"147":{"start":{"line":448,"column":29},"end":{"line":467,"column":1}},"148":{"start":{"line":449,"column":13},"end":{"line":449,"column":43}},"149":{"start":{"line":450,"column":23},"end":{"line":450,"column":45}},"150":{"start":{"line":451,"column":23},"end":{"line":451,"column":45}},"151":{"start":{"line":452,"column":23},"end":{"line":452,"column":45}},"152":{"start":{"line":454,"column":2},"end":{"line":466,"column":5}},"153":{"start":{"line":460,"column":4},"end":{"line":465,"column":5}},"154":{"start":{"line":461,"column":8},"end":{"line":461,"column":25}},"155":{"start":{"line":462,"column":8},"end":{"line":462,"column":21}},"156":{"start":{"line":464,"column":6},"end":{"line":464,"column":26}},"157":{"start":{"line":469,"column":0},"end":{"line":484,"column":2}}},"fnMap":{"0":{"name":"(anonymous_0)","decl":{"start":{"line":4,"column":24},"end":{"line":4,"column":25}},"loc":{"start":{"line":4,"column":31},"end":{"line":4,"column":48}},"line":4},"1":{"name":"(anonymous_1)","decl":{"start":{"line":17,"column":18},"end":{"line":17,"column":19}},"loc":{"start":{"line":17,"column":44},"end":{"line":19,"column":1}},"line":17},"2":{"name":"(anonymous_2)","decl":{"start":{"line":22,"column":18},"end":{"line":22,"column":19}},"loc":{"start":{"line":22,"column":44},"end":{"line":40,"column":1}},"line":22},"3":{"name":"(anonymous_3)","decl":{"start":{"line":29,"column":4},"end":{"line":29,"column":5}},"loc":{"start":{"line":29,"column":19},"end":{"line":38,"column":5}},"line":29},"4":{"name":"(anonymous_4)","decl":{"start":{"line":43,"column":22},"end":{"line":43,"column":23}},"loc":{"start":{"line":43,"column":48},"end":{"line":61,"column":1}},"line":43},"5":{"name":"(anonymous_5)","decl":{"start":{"line":50,"column":4},"end":{"line":50,"column":5}},"loc":{"start":{"line":50,"column":19},"end":{"line":59,"column":5}},"line":50},"6":{"name":"(anonymous_6)","decl":{"start":{"line":64,"column":26},"end":{"line":64,"column":27}},"loc":{"start":{"line":64,"column":52},"end":{"line":88,"column":1}},"line":64},"7":{"name":"(anonymous_7)","decl":{"start":{"line":80,"column":12},"end":{"line":80,"column":13}},"loc":{"start":{"line":80,"column":27},"end":{"line":87,"column":3}},"line":80},"8":{"name":"(anonymous_8)","decl":{"start":{"line":91,"column":15},"end":{"line":91,"column":16}},"loc":{"start":{"line":91,"column":41},"end":{"line":192,"column":1}},"line":91},"9":{"name":"(anonymous_9)","decl":{"start":{"line":102,"column":125},"end":{"line":102,"column":126}},"loc":{"start":{"line":102,"column":140},"end":{"line":109,"column":6}},"line":102},"10":{"name":"(anonymous_10)","decl":{"start":{"line":126,"column":80},"end":{"line":126,"column":81}},"loc":{"start":{"line":126,"column":95},"end":{"line":133,"column":8}},"line":126},"11":{"name":"(anonymous_11)","decl":{"start":{"line":152,"column":105},"end":{"line":152,"column":106}},"loc":{"start":{"line":152,"column":120},"end":{"line":159,"column":8}},"line":152},"12":{"name":"(anonymous_12)","decl":{"start":{"line":180,"column":130},"end":{"line":180,"column":131}},"loc":{"start":{"line":180,"column":145},"end":{"line":188,"column":8}},"line":180},"13":{"name":"(anonymous_13)","decl":{"start":{"line":195,"column":22},"end":{"line":195,"column":23}},"loc":{"start":{"line":195,"column":48},"end":{"line":218,"column":1}},"line":195},"14":{"name":"(anonymous_14)","decl":{"start":{"line":206,"column":4},"end":{"line":206,"column":5}},"loc":{"start":{"line":206,"column":19},"end":{"line":216,"column":5}},"line":206},"15":{"name":"(anonymous_15)","decl":{"start":{"line":214,"column":33},"end":{"line":214,"column":34}},"loc":{"start":{"line":214,"column":40},"end":{"line":214,"column":55}},"line":214},"16":{"name":"(anonymous_16)","decl":{"start":{"line":221,"column":25},"end":{"line":221,"column":26}},"loc":{"start":{"line":221,"column":51},"end":{"line":241,"column":1}},"line":221},"17":{"name":"(anonymous_17)","decl":{"start":{"line":233,"column":4},"end":{"line":233,"column":5}},"loc":{"start":{"line":233,"column":19},"end":{"line":239,"column":5}},"line":233},"18":{"name":"(anonymous_18)","decl":{"start":{"line":244,"column":17},"end":{"line":244,"column":18}},"loc":{"start":{"line":244,"column":42},"end":{"line":271,"column":1}},"line":244},"19":{"name":"(anonymous_19)","decl":{"start":{"line":259,"column":4},"end":{"line":259,"column":5}},"loc":{"start":{"line":259,"column":19},"end":{"line":269,"column":5}},"line":259},"20":{"name":"(anonymous_20)","decl":{"start":{"line":267,"column":33},"end":{"line":267,"column":34}},"loc":{"start":{"line":267,"column":40},"end":{"line":267,"column":53}},"line":267},"21":{"name":"(anonymous_21)","decl":{"start":{"line":274,"column":28},"end":{"line":274,"column":29}},"loc":{"start":{"line":274,"column":53},"end":{"line":295,"column":1}},"line":274},"22":{"name":"(anonymous_22)","decl":{"start":{"line":284,"column":4},"end":{"line":284,"column":5}},"loc":{"start":{"line":284,"column":19},"end":{"line":293,"column":5}},"line":284},"23":{"name":"(anonymous_23)","decl":{"start":{"line":298,"column":38},"end":{"line":298,"column":39}},"loc":{"start":{"line":298,"column":63},"end":{"line":329,"column":1}},"line":298},"24":{"name":"(anonymous_24)","decl":{"start":{"line":304,"column":46},"end":{"line":304,"column":47}},"loc":{"start":{"line":304,"column":52},"end":{"line":304,"column":68}},"line":304},"25":{"name":"(anonymous_25)","decl":{"start":{"line":321,"column":4},"end":{"line":321,"column":5}},"loc":{"start":{"line":321,"column":19},"end":{"line":327,"column":5}},"line":321},"26":{"name":"(anonymous_26)","decl":{"start":{"line":326,"column":29},"end":{"line":326,"column":30}},"loc":{"start":{"line":326,"column":36},"end":{"line":326,"column":48}},"line":326},"27":{"name":"(anonymous_27)","decl":{"start":{"line":332,"column":25},"end":{"line":332,"column":26}},"loc":{"start":{"line":332,"column":50},"end":{"line":391,"column":1}},"line":332},"28":{"name":"(anonymous_28)","decl":{"start":{"line":383,"column":4},"end":{"line":383,"column":5}},"loc":{"start":{"line":383,"column":19},"end":{"line":389,"column":5}},"line":383},"29":{"name":"(anonymous_29)","decl":{"start":{"line":394,"column":26},"end":{"line":394,"column":27}},"loc":{"start":{"line":394,"column":51},"end":{"line":421,"column":1}},"line":394},"30":{"name":"(anonymous_30)","decl":{"start":{"line":413,"column":4},"end":{"line":413,"column":5}},"loc":{"start":{"line":413,"column":19},"end":{"line":419,"column":5}},"line":413},"31":{"name":"(anonymous_31)","decl":{"start":{"line":426,"column":32},"end":{"line":426,"column":33}},"loc":{"start":{"line":426,"column":57},"end":{"line":445,"column":1}},"line":426},"32":{"name":"(anonymous_32)","decl":{"start":{"line":437,"column":4},"end":{"line":437,"column":5}},"loc":{"start":{"line":437,"column":19},"end":{"line":443,"column":5}},"line":437},"33":{"name":"(anonymous_33)","decl":{"start":{"line":448,"column":29},"end":{"line":448,"column":30}},"loc":{"start":{"line":448,"column":55},"end":{"line":467,"column":1}},"line":448},"34":{"name":"(anonymous_34)","decl":{"start":{"line":459,"column":14},"end":{"line":459,"column":15}},"loc":{"start":{"line":459,"column":29},"end":{"line":466,"column":3}},"line":459}},"branchMap":{"0":{"loc":{"start":{"line":30,"column":6},"end":{"line":33,"column":7}},"type":"if","locations":[{"start":{"line":30,"column":6},"end":{"line":33,"column":7}},{"start":{},"end":{}}],"line":30},"1":{"loc":{"start":{"line":34,"column":6},"end":{"line":36,"column":7}},"type":"if","locations":[{"start":{"line":34,"column":6},"end":{"line":36,"column":7}},{"start":{},"end":{}}],"line":34},"2":{"loc":{"start":{"line":51,"column":6},"end":{"line":54,"column":7}},"type":"if","locations":[{"start":{"line":51,"column":6},"end":{"line":54,"column":7}},{"start":{},"end":{}}],"line":51},"3":{"loc":{"start":{"line":55,"column":6},"end":{"line":57,"column":7}},"type":"if","locations":[{"start":{"line":55,"column":6},"end":{"line":57,"column":7}},{"start":{},"end":{}}],"line":55},"4":{"loc":{"start":{"line":66,"column":20},"end":{"line":66,"column":45}},"type":"binary-expr","locations":[{"start":{"line":66,"column":20},"end":{"line":66,"column":39}},{"start":{"line":66,"column":43},"end":{"line":66,"column":45}}],"line":66},"5":{"loc":{"start":{"line":67,"column":20},"end":{"line":67,"column":45}},"type":"binary-expr","locations":[{"start":{"line":67,"column":20},"end":{"line":67,"column":39}},{"start":{"line":67,"column":43},"end":{"line":67,"column":45}}],"line":67},"6":{"loc":{"start":{"line":68,"column":20},"end":{"line":68,"column":45}},"type":"binary-expr","locations":[{"start":{"line":68,"column":20},"end":{"line":68,"column":39}},{"start":{"line":68,"column":43},"end":{"line":68,"column":45}}],"line":68},"7":{"loc":{"start":{"line":81,"column":4},"end":{"line":86,"column":5}},"type":"if","locations":[{"start":{"line":81,"column":4},"end":{"line":86,"column":5}},{"start":{"line":84,"column":11},"end":{"line":86,"column":5}}],"line":81},"8":{"loc":{"start":{"line":98,"column":2},"end":{"line":191,"column":3}},"type":"if","locations":[{"start":{"line":98,"column":2},"end":{"line":191,"column":3}},{"start":{"line":110,"column":9},"end":{"line":191,"column":3}}],"line":98},"9":{"loc":{"start":{"line":103,"column":7},"end":{"line":108,"column":8}},"type":"if","locations":[{"start":{"line":103,"column":7},"end":{"line":108,"column":8}},{"start":{"line":106,"column":14},"end":{"line":108,"column":8}}],"line":103},"10":{"loc":{"start":{"line":110,"column":9},"end":{"line":191,"column":3}},"type":"if","locations":[{"start":{"line":110,"column":9},"end":{"line":191,"column":3}},{"start":{"line":134,"column":9},"end":{"line":191,"column":3}}],"line":110},"11":{"loc":{"start":{"line":127,"column":9},"end":{"line":132,"column":10}},"type":"if","locations":[{"start":{"line":127,"column":9},"end":{"line":132,"column":10}},{"start":{"line":130,"column":16},"end":{"line":132,"column":10}}],"line":127},"12":{"loc":{"start":{"line":134,"column":9},"end":{"line":191,"column":3}},"type":"if","locations":[{"start":{"line":134,"column":9},"end":{"line":191,"column":3}},{"start":{"line":160,"column":9},"end":{"line":191,"column":3}}],"line":134},"13":{"loc":{"start":{"line":153,"column":9},"end":{"line":158,"column":10}},"type":"if","locations":[{"start":{"line":153,"column":9},"end":{"line":158,"column":10}},{"start":{"line":156,"column":16},"end":{"line":158,"column":10}}],"line":153},"14":{"loc":{"start":{"line":160,"column":9},"end":{"line":191,"column":3}},"type":"if","locations":[{"start":{"line":160,"column":9},"end":{"line":191,"column":3}},{"start":{"line":189,"column":9},"end":{"line":191,"column":3}}],"line":160},"15":{"loc":{"start":{"line":181,"column":9},"end":{"line":187,"column":10}},"type":"if","locations":[{"start":{"line":181,"column":9},"end":{"line":187,"column":10}},{"start":{"line":184,"column":16},"end":{"line":187,"column":10}}],"line":181},"16":{"loc":{"start":{"line":197,"column":20},"end":{"line":197,"column":45}},"type":"binary-expr","locations":[{"start":{"line":197,"column":20},"end":{"line":197,"column":39}},{"start":{"line":197,"column":43},"end":{"line":197,"column":45}}],"line":197},"17":{"loc":{"start":{"line":198,"column":20},"end":{"line":198,"column":45}},"type":"binary-expr","locations":[{"start":{"line":198,"column":20},"end":{"line":198,"column":39}},{"start":{"line":198,"column":43},"end":{"line":198,"column":45}}],"line":198},"18":{"loc":{"start":{"line":199,"column":20},"end":{"line":199,"column":45}},"type":"binary-expr","locations":[{"start":{"line":199,"column":20},"end":{"line":199,"column":39}},{"start":{"line":199,"column":43},"end":{"line":199,"column":45}}],"line":199},"19":{"loc":{"start":{"line":207,"column":6},"end":{"line":210,"column":7}},"type":"if","locations":[{"start":{"line":207,"column":6},"end":{"line":210,"column":7}},{"start":{},"end":{}}],"line":207},"20":{"loc":{"start":{"line":211,"column":6},"end":{"line":213,"column":7}},"type":"if","locations":[{"start":{"line":211,"column":6},"end":{"line":213,"column":7}},{"start":{},"end":{}}],"line":211},"21":{"loc":{"start":{"line":234,"column":6},"end":{"line":237,"column":7}},"type":"if","locations":[{"start":{"line":234,"column":6},"end":{"line":237,"column":7}},{"start":{},"end":{}}],"line":234},"22":{"loc":{"start":{"line":260,"column":6},"end":{"line":263,"column":7}},"type":"if","locations":[{"start":{"line":260,"column":6},"end":{"line":263,"column":7}},{"start":{},"end":{}}],"line":260},"23":{"loc":{"start":{"line":264,"column":6},"end":{"line":266,"column":7}},"type":"if","locations":[{"start":{"line":264,"column":6},"end":{"line":266,"column":7}},{"start":{},"end":{}}],"line":264},"24":{"loc":{"start":{"line":285,"column":6},"end":{"line":288,"column":7}},"type":"if","locations":[{"start":{"line":285,"column":6},"end":{"line":288,"column":7}},{"start":{},"end":{}}],"line":285},"25":{"loc":{"start":{"line":289,"column":6},"end":{"line":291,"column":7}},"type":"if","locations":[{"start":{"line":289,"column":6},"end":{"line":291,"column":7}},{"start":{},"end":{}}],"line":289},"26":{"loc":{"start":{"line":300,"column":2},"end":{"line":302,"column":3}},"type":"if","locations":[{"start":{"line":300,"column":2},"end":{"line":302,"column":3}},{"start":{},"end":{}}],"line":300},"27":{"loc":{"start":{"line":305,"column":2},"end":{"line":307,"column":3}},"type":"if","locations":[{"start":{"line":305,"column":2},"end":{"line":307,"column":3}},{"start":{},"end":{}}],"line":305},"28":{"loc":{"start":{"line":322,"column":6},"end":{"line":325,"column":7}},"type":"if","locations":[{"start":{"line":322,"column":6},"end":{"line":325,"column":7}},{"start":{},"end":{}}],"line":322},"29":{"loc":{"start":{"line":384,"column":6},"end":{"line":387,"column":7}},"type":"if","locations":[{"start":{"line":384,"column":6},"end":{"line":387,"column":7}},{"start":{},"end":{}}],"line":384},"30":{"loc":{"start":{"line":396,"column":2},"end":{"line":399,"column":3}},"type":"if","locations":[{"start":{"line":396,"column":2},"end":{"line":399,"column":3}},{"start":{},"end":{}}],"line":396},"31":{"loc":{"start":{"line":414,"column":6},"end":{"line":417,"column":7}},"type":"if","locations":[{"start":{"line":414,"column":6},"end":{"line":417,"column":7}},{"start":{},"end":{}}],"line":414},"32":{"loc":{"start":{"line":428,"column":2},"end":{"line":431,"column":3}},"type":"if","locations":[{"start":{"line":428,"column":2},"end":{"line":431,"column":3}},{"start":{},"end":{}}],"line":428},"33":{"loc":{"start":{"line":438,"column":6},"end":{"line":441,"column":7}},"type":"if","locations":[{"start":{"line":438,"column":6},"end":{"line":441,"column":7}},{"start":{},"end":{}}],"line":438},"34":{"loc":{"start":{"line":460,"column":4},"end":{"line":465,"column":5}},"type":"if","locations":[{"start":{"line":460,"column":4},"end":{"line":465,"column":5}},{"start":{"line":463,"column":11},"end":{"line":465,"column":5}}],"line":460}},"s":{"0":1,"1":1,"2":1,"3":0,"4":1,"5":1,"6":0,"7":1,"8":1,"9":1,"10":1,"11":1,"12":0,"13":0,"14":1,"15":1,"16":0,"17":1,"18":0,"19":0,"20":0,"21":0,"22":0,"23":0,"24":0,"25":0,"26":1,"27":0,"28":0,"29":0,"30":0,"31":0,"32":0,"33":0,"34":0,"35":0,"36":1,"37":0,"38":0,"39":0,"40":0,"41":0,"42":0,"43":0,"44":0,"45":0,"46":0,"47":0,"48":0,"49":0,"50":0,"51":0,"52":0,"53":0,"54":0,"55":0,"56":0,"57":0,"58":0,"59":0,"60":0,"61":0,"62":0,"63":0,"64":0,"65":0,"66":0,"67":0,"68":1,"69":0,"70":0,"71":0,"72":0,"73":0,"74":0,"75":0,"76":0,"77":0,"78":0,"79":0,"80":0,"81":0,"82":1,"83":0,"84":0,"85":0,"86":0,"87":0,"88":0,"89":1,"90":0,"91":0,"92":0,"93":0,"94":0,"95":0,"96":0,"97":0,"98":0,"99":0,"100":1,"101":0,"102":0,"103":0,"104":0,"105":0,"106":0,"107":0,"108":1,"109":0,"110":0,"111":0,"112":0,"113":0,"114":0,"115":0,"116":0,"117":0,"118":0,"119":0,"120":0,"121":0,"122":1,"123":0,"124":0,"125":0,"126":0,"127":0,"128":0,"129":1,"130":0,"131":0,"132":0,"133":0,"134":0,"135":0,"136":0,"137":0,"138":1,"139":0,"140":0,"141":0,"142":0,"143":0,"144":0,"145":0,"146":0,"147":1,"148":0,"149":0,"150":0,"151":0,"152":0,"153":0,"154":0,"155":0,"156":0,"157":1},"f":{"0":0,"1":0,"2":1,"3":1,"4":0,"5":0,"6":0,"7":0,"8":0,"9":0,"10":0,"11":0,"12":0,"13":0,"14":0,"15":0,"16":0,"17":0,"18":0,"19":0,"20":0,"21":0,"22":0,"23":0,"24":0,"25":0,"26":0,"27":0,"28":0,"29":0,"30":0,"31":0,"32":0,"33":0,"34":0},"b":{"0":[0,1],"1":[1,0],"2":[0,0],"3":[0,0],"4":[0,0],"5":[0,0],"6":[0,0],"7":[0,0],"8":[0,0],"9":[0,0],"10":[0,0],"11":[0,0],"12":[0,0],"13":[0,0],"14":[0,0],"15":[0,0],"16":[0,0],"17":[0,0],"18":[0,0],"19":[0,0],"20":[0,0],"21":[0,0],"22":[0,0],"23":[0,0],"24":[0,0],"25":[0,0],"26":[0,0],"27":[0,0],"28":[0,0],"29":[0,0],"30":[0,0],"31":[0,0],"32":[0,0],"33":[0,0],"34":[0,0]},"_coverageSchema":"1a1c01bbd47fc00a2c39e90264f33305004495a9","hash":"82305f936be71712b3444f2b69d1b4652ae52091"}
,"/Users/kristinehuang/Desktop/classes/penn/CIS 5500/cis4500/server/server.js": {"path":"/Users/kristinehuang/Desktop/classes/penn/CIS 5500/cis4500/server/server.js","statementMap":{"0":{"start":{"line":1,"column":16},"end":{"line":1,"column":34}},"1":{"start":{"line":2,"column":13},"end":{"line":2,"column":28}},"2":{"start":{"line":3,"column":15},"end":{"line":3,"column":39}},"3":{"start":{"line":4,"column":15},"end":{"line":4,"column":34}},"4":{"start":{"line":6,"column":12},"end":{"line":6,"column":21}},"5":{"start":{"line":7,"column":0},"end":{"line":9,"column":4}},"6":{"start":{"line":12,"column":0},"end":{"line":12,"column":31}},"7":{"start":{"line":13,"column":0},"end":{"line":13,"column":37}},"8":{"start":{"line":14,"column":0},"end":{"line":14,"column":50}},"9":{"start":{"line":15,"column":0},"end":{"line":15,"column":50}},"10":{"start":{"line":16,"column":0},"end":{"line":16,"column":34}},"11":{"start":{"line":17,"column":0},"end":{"line":17,"column":48}},"12":{"start":{"line":18,"column":0},"end":{"line":18,"column":54}},"13":{"start":{"line":19,"column":0},"end":{"line":19,"column":38}},"14":{"start":{"line":20,"column":0},"end":{"line":20,"column":60}},"15":{"start":{"line":21,"column":0},"end":{"line":21,"column":72}},"16":{"start":{"line":22,"column":0},"end":{"line":22,"column":56}},"17":{"start":{"line":23,"column":0},"end":{"line":23,"column":54}},"18":{"start":{"line":24,"column":0},"end":{"line":24,"column":68}},"19":{"start":{"line":25,"column":0},"end":{"line":25,"column":56}},"20":{"start":{"line":29,"column":0},"end":{"line":31,"column":3}},"21":{"start":{"line":30,"column":2},"end":{"line":30,"column":87}},"22":{"start":{"line":33,"column":0},"end":{"line":33,"column":21}}},"fnMap":{"0":{"name":"(anonymous_0)","decl":{"start":{"line":29,"column":31},"end":{"line":29,"column":32}},"loc":{"start":{"line":29,"column":37},"end":{"line":31,"column":1}},"line":29}},"branchMap":{},"s":{"0":1,"1":1,"2":1,"3":1,"4":1,"5":1,"6":1,"7":1,"8":1,"9":1,"10":1,"11":1,"12":1,"13":1,"14":1,"15":1,"16":1,"17":1,"18":1,"19":1,"20":1,"21":0,"22":1},"f":{"0":0},"b":{},"_coverageSchema":"1a1c01bbd47fc00a2c39e90264f33305004495a9","hash":"b6ecc5e6c0ed8c1ec6bddaf5cb70c7867f77e659"}
}
