TN:
SF:routes.js
FN:4,(anonymous_0)
FN:17,(anonymous_1)
FN:22,(anonymous_2)
FN:29,(anonymous_3)
FN:43,(anonymous_4)
FN:50,(anonymous_5)
FN:64,(anonymous_6)
FN:80,(anonymous_7)
FN:91,(anonymous_8)
FN:102,(anonymous_9)
FN:126,(anonymous_10)
FN:152,(anonymous_11)
FN:180,(anonymous_12)
FN:195,(anonymous_13)
FN:206,(anonymous_14)
FN:214,(anonymous_15)
FN:221,(anonymous_16)
FN:233,(anonymous_17)
FN:244,(anonymous_18)
FN:259,(anonymous_19)
FN:267,(anonymous_20)
FN:274,(anonymous_21)
FN:284,(anonymous_22)
FN:298,(anonymous_23)
FN:304,(anonymous_24)
FN:321,(anonymous_25)
FN:326,(anonymous_26)
FN:332,(anonymous_27)
FN:383,(anonymous_28)
FN:394,(anonymous_29)
FN:413,(anonymous_30)
FN:426,(anonymous_31)
FN:437,(anonymous_32)
FN:448,(anonymous_33)
FN:459,(anonymous_34)
FNF:35
FNH:2
FNDA:0,(anonymous_0)
FNDA:0,(anonymous_1)
FNDA:1,(anonymous_2)
FNDA:1,(anonymous_3)
FNDA:0,(anonymous_4)
FNDA:0,(anonymous_5)
FNDA:0,(anonymous_6)
FNDA:0,(anonymous_7)
FNDA:0,(anonymous_8)
FNDA:0,(anonymous_9)
FNDA:0,(anonymous_10)
FNDA:0,(anonymous_11)
FNDA:0,(anonymous_12)
FNDA:0,(anonymous_13)
FNDA:0,(anonymous_14)
FNDA:0,(anonymous_15)
FNDA:0,(anonymous_16)
FNDA:0,(anonymous_17)
FNDA:0,(anonymous_18)
FNDA:0,(anonymous_19)
FNDA:0,(anonymous_20)
FNDA:0,(anonymous_21)
FNDA:0,(anonymous_22)
FNDA:0,(anonymous_23)
FNDA:0,(anonymous_24)
FNDA:0,(anonymous_25)
FNDA:0,(anonymous_26)
FNDA:0,(anonymous_27)
FNDA:0,(anonymous_28)
FNDA:0,(anonymous_29)
FNDA:0,(anonymous_30)
FNDA:0,(anonymous_31)
FNDA:0,(anonymous_32)
FNDA:0,(anonymous_33)
FNDA:0,(anonymous_34)
DA:1,1
DA:2,1
DA:4,1
DA:6,1
DA:17,1
DA:18,0
DA:22,1
DA:23,1
DA:24,1
DA:25,1
DA:30,1
DA:31,0
DA:32,0
DA:34,1
DA:35,1
DA:37,0
DA:43,1
DA:44,0
DA:45,0
DA:51,0
DA:52,0
DA:53,0
DA:55,0
DA:56,0
DA:58,0
DA:64,1
DA:65,0
DA:66,0
DA:67,0
DA:68,0
DA:71,0
DA:81,0
DA:82,0
DA:83,0
DA:85,0
DA:91,1
DA:92,0
DA:93,0
DA:94,0
DA:95,0
DA:96,0
DA:98,0
DA:99,0
DA:103,0
DA:104,0
DA:105,0
DA:107,0
DA:110,0
DA:111,0
DA:127,0
DA:128,0
DA:129,0
DA:131,0
DA:134,0
DA:135,0
DA:153,0
DA:154,0
DA:155,0
DA:157,0
DA:160,0
DA:161,0
DA:181,0
DA:182,0
DA:183,0
DA:185,0
DA:186,0
DA:190,0
DA:195,1
DA:196,0
DA:197,0
DA:198,0
DA:199,0
DA:201,0
DA:207,0
DA:208,0
DA:209,0
DA:211,0
DA:212,0
DA:214,0
DA:215,0
DA:221,1
DA:222,0
DA:223,0
DA:234,0
DA:235,0
DA:236,0
DA:238,0
DA:244,1
DA:245,0
DA:246,0
DA:260,0
DA:261,0
DA:262,0
DA:264,0
DA:265,0
DA:267,0
DA:268,0
DA:274,1
DA:275,0
DA:285,0
DA:286,0
DA:287,0
DA:289,0
DA:290,0
DA:292,0
DA:298,1
DA:299,0
DA:300,0
DA:301,0
DA:304,0
DA:305,0
DA:306,0
DA:309,0
DA:322,0
DA:323,0
DA:324,0
DA:326,0
DA:332,1
DA:333,0
DA:376,0
DA:384,0
DA:385,0
DA:386,0
DA:388,0
DA:394,1
DA:395,0
DA:396,0
DA:397,0
DA:402,0
DA:414,0
DA:415,0
DA:416,0
DA:418,0
DA:426,1
DA:427,0
DA:428,0
DA:429,0
DA:432,0
DA:438,0
DA:439,0
DA:440,0
DA:442,0
DA:448,1
DA:449,0
DA:450,0
DA:451,0
DA:452,0
DA:454,0
DA:460,0
DA:461,0
DA:462,0
DA:464,0
DA:469,1
LF:153
LH:25
BRDA:30,0,0,0
BRDA:30,0,1,1
BRDA:34,1,0,1
BRDA:34,1,1,0
BRDA:51,2,0,0
BRDA:51,2,1,0
BRDA:55,3,0,0
BRDA:55,3,1,0
BRDA:66,4,0,0
BRDA:66,4,1,0
BRDA:67,5,0,0
BRDA:67,5,1,0
BRDA:68,6,0,0
BRDA:68,6,1,0
BRDA:81,7,0,0
BRDA:81,7,1,0
BRDA:98,8,0,0
BRDA:98,8,1,0
BRDA:103,9,0,0
BRDA:103,9,1,0
BRDA:110,10,0,0
BRDA:110,10,1,0
BRDA:127,11,0,0
BRDA:127,11,1,0
BRDA:134,12,0,0
BRDA:134,12,1,0
BRDA:153,13,0,0
BRDA:153,13,1,0
BRDA:160,14,0,0
BRDA:160,14,1,0
BRDA:181,15,0,0
BRDA:181,15,1,0
BRDA:197,16,0,0
BRDA:197,16,1,0
BRDA:198,17,0,0
BRDA:198,17,1,0
BRDA:199,18,0,0
BRDA:199,18,1,0
BRDA:207,19,0,0
BRDA:207,19,1,0
BRDA:211,20,0,0
BRDA:211,20,1,0
BRDA:234,21,0,0
BRDA:234,21,1,0
BRDA:260,22,0,0
BRDA:260,22,1,0
BRDA:264,23,0,0
BRDA:264,23,1,0
BRDA:285,24,0,0
BRDA:285,24,1,0
BRDA:289,25,0,0
BRDA:289,25,1,0
BRDA:300,26,0,0
BRDA:300,26,1,0
BRDA:305,27,0,0
BRDA:305,27,1,0
BRDA:322,28,0,0
BRDA:322,28,1,0
BRDA:384,29,0,0
BRDA:384,29,1,0
BRDA:396,30,0,0
BRDA:396,30,1,0
BRDA:414,31,0,0
BRDA:414,31,1,0
BRDA:428,32,0,0
BRDA:428,32,1,0
BRDA:438,33,0,0
BRDA:438,33,1,0
BRDA:460,34,0,0
BRDA:460,34,1,0
BRF:70
BRH:2
end_of_record
TN:
SF:server.js
FN:29,(anonymous_0)
FNF:1
FNH:0
FNDA:0,(anonymous_0)
DA:1,1
DA:2,1
DA:3,1
DA:4,1
DA:6,1
DA:7,1
DA:12,1
DA:13,1
DA:14,1
DA:15,1
DA:16,1
DA:17,1
DA:18,1
DA:19,1
DA:20,1
DA:21,1
DA:22,1
DA:23,1
DA:24,1
DA:25,1
DA:29,1
DA:30,0
DA:33,1
LF:23
LH:22
BRF:0
BRH:0
end_of_record
